0001_0014_0010_0032_0032.jpg 1 14 10 32 32
0002_0043_0012_0051_0051.jpg 1 43 12 51 51
0003_0031_0027_0062_0062.jpg 1 31 27 62 62
0004_0025_0013_0028_0028.jpg 1 25 13 28 28
0005_0020_0032_0057_0057.jpg 1 20 32 57 57
0006_0029_0019_0047_0047.jpg 1 29 19 47 47
0007_0043_0008_0029_0029.jpg 1 43 8 29 29
0008_0020_0013_0067_0067.jpg 1 20 13 67 67
0009_0019_0010_0066_0066.jpg 1 19 10 66 66
0010_0034_0055_0035_0035.jpg 1 34 55 35 35
0011_0019_0026_0054_0054.jpg 1 19 26 54 54
0012_0045_0031_0037_0037.jpg 1 45 31 37 37
0013_0022_0028_0063_0063.jpg 1 22 28 63 63
0014_0020_0015_0039_0039.jpg 1 20 15 39 39
0015_0012_0047_0038_0038.jpg 1 12 47 38 38
0016_0012_0035_0031_0031.jpg 1 12 35 31 31
0017_0005_0019_0065_0065.jpg 1 5 19 65 65
0018_0037_0010_0049_0049.jpg 1 37 10 49 49
0019_0036_0046_0044_0044.jpg 1 36 46 44 44
0020_0010_0056_0030_0030.jpg 1 10 56 30 30
0021_0038_0011_0031_0031.jpg 1 38 11 31 31
0022_0022_0014_0039_0039.jpg 1 22 14 39 39
0023_0014_0016_0069_0069.jpg 1 14 16 69 69
0024_0054_0034_0029_0029.jpg 1 54 34 29 29
0025_0035_0020_0042_0042.jpg 1 35 20 42 42
0026_0035_0008_0045_0045.jpg 1 35 8 45 45
0027_0020_0013_0066_0066.jpg 1 20 13 66 66
0028_0043_0020_0048_0048.jpg 1 43 20 48 48
0029_0044_0045_0027_0027.jpg 1 44 45 27 27
0030_0050_0049_0031_0031.jpg 1 50 49 31 31
0031_0039_0049_0044_0044.jpg 1 39 49 44 44
0032_0018_0011_0044_0044.jpg 1 18 11 44 44
0033_0034_0024_0048_0048.jpg 1 34 24 48 48
0034_0015_0044_0024_0024.jpg 1 15 44 24 24
0035_0008_0008_0063_0063.jpg 1 8 8 63 63
0036_0058_0031_0026_0026.jpg 1 58 31 26 26
0037_0013_0005_0068_0068.jpg 1 13 5 68 68
0038_0008_0053_0036_0036.jpg 1 8 53 36 36
0039_0038_0023_0055_0055.jpg 1 38 23 55 55
0040_0032_0010_0051_0051.jpg 1 32 10 51 51
0041_0015_0022_0060_0060.jpg 1 15 22 60 60
0042_0050_0028_0040_0040.jpg 1 50 28 40 40
0043_0010_0018_0056_0056.jpg 1 10 18 56 56
0044_0014_0028_0048_0048.jpg 1 14 28 48 48
0045_0027_0030_0029_0029.jpg 1 27 30 29 29
0046_0054_0007_0033_0033.jpg 1 54 7 33 33
0047_0018_0006_0060_0060.jpg 1 18 6 60 60
0048_0049_0017_0024_0024.jpg 1 49 17 24 24
0049_0027_0026_0063_0063.jpg 1 27 26 63 63
0050_0020_0034_0048_0048.jpg 1 20 34 48 48
0051_0034_0024_0058_0058.jpg 1 34 24 58 58
0052_0019_0035_0054_0054.jpg 1 19 35 54 54
0053_0011_0014_0062_0062.jpg 1 11 14 62 62
0054_0006_0011_0060_0060.jpg 1 6 11 60 60
0055_0029_0018_0032_0032.jpg 1 29 18 32 32
0056_0037_0020_0025_0025.jpg 1 37 20 25 25
0057_0011_0028_0026_0026.jpg 1 11 28 26 26
0058_0033_0011_0052_0052.jpg 1 33 11 52 52
0059_0035_0010_0041_0041.jpg 1 35 10 41 41
0060_0007_0034_0042_0042.jpg 1 7 34 42 42
0061_0023_0007_0066_0066.jpg 1 23 7 66 66
0062_0010_0010_0041_0041.jpg 1 10 10 41 41
0063_0033_0010_0048_0048.jpg 1 33 10 48 48
0064_0036_0029_0028_0028.jpg 1 36 29 28 28
0065_0009_0009_0035_0035.jpg 1 9 9 35 35
0066_0028_0009_0042_0042.jpg 1 28 9 42 42
0067_0015_0014_0051_0051.jpg 1 15 14 51 51
0068_0006_0022_0061_0061.jpg 1 6 22 61 61
0069_0036_0004_0057_0057.jpg 1 36 4 57 57
0070_0047_0028_0034_0034.jpg 1 47 28 34 34
0071_0017_0014_0066_0066.jpg 1 17 14 66 66
0072_0022_0033_0027_0027.jpg 1 22 33 27 27
0073_0019_0024_0050_0050.jpg 1 19 24 50 50
0074_0012_0007_0062_0062.jpg 1 12 7 62 62
0075_0024_0042_0048_0048.jpg 1 24 42 48 48
0076_0018_0042_0039_0039.jpg 1 18 42 39 39
0077_0016_0021_0067_0067.jpg 1 16 21 67 67
0078_0018_0031_0046_0046.jpg 1 18 31 46 46
0079_0021_0016_0044_0044.jpg 1 21 16 44 44
0080_0006_0017_0068_0068.jpg 1 6 17 68 68
0081_0009_0018_0064_0064.jpg 1 9 18 64 64
0082_0018_0017_0069_0069.jpg 1 18 17 69 69
0083_0018_0006_0053_0053.jpg 1 18 6 53 53
0084_0009_0013_0034_0034.jpg 1 9 13 34 34
0085_0015_0042_0036_0036.jpg 1 15 42 36 36
0086_0043_0038_0039_0039.jpg 1 43 38 39 39
0087_0034_0018_0026_0026.jpg 1 34 18 26 26
0088_0031_0017_0054_0054.jpg 1 31 17 54 54
0089_0037_0004_0057_0057.jpg 1 37 4 57 57
0090_0005_0039_0054_0054.jpg 1 5 39 54 54
0091_0017_0020_0068_0068.jpg 1 17 20 68 68
0092_0030_0041_0048_0048.jpg 1 30 41 48 48
0093_0045_0029_0027_0027.jpg 1 45 29 27 27
0094_0006_0034_0057_0057.jpg 1 6 34 57 57
0095_0038_0010_0052_0052.jpg 1 38 10 52 52
0096_0018_0021_0032_0032.jpg 1 18 21 32 32
0097_0016_0023_0067_0067.jpg 1 16 23 67 67
0098_0024_0055_0035_0035.jpg 1 24 55 35 35
0099_0049_0019_0034_0034.jpg 1 49 19 34 34
0100_0013_0019_0068_0068.jpg 1 13 19 68 68
0101_0010_0040_0055_0055.jpg 1 10 40 55 55
0102_0011_0012_0059_0059.jpg 1 11 12 59 59
0103_0008_0040_0028_0028.jpg 1 8 40 28 28
0104_0008_0010_0069_0069.jpg 1 8 10 69 69
0105_0030_0007_0037_0037.jpg 1 30 7 37 37
0106_0026_0026_0059_0059.jpg 1 26 26 59 59
0107_0062_0045_0028_0028.jpg 1 62 45 28 28
0108_0009_0027_0036_0036.jpg 1 9 27 36 36
0109_0020_0044_0025_0025.jpg 1 20 44 25 25
0110_0056_0054_0030_0030.jpg 1 56 54 30 30
0111_0011_0057_0024_0024.jpg 1 11 57 24 24
0112_0012_0054_0039_0039.jpg 1 12 54 39 39
0113_0010_0012_0026_0026.jpg 1 10 12 26 26
0114_0033_0012_0026_0026.jpg 1 33 12 26 26
0115_0036_0056_0029_0029.jpg 1 36 56 29 29
0116_0038_0055_0036_0036.jpg 1 38 55 36 36
0117_0022_0042_0051_0051.jpg 1 22 42 51 51
0118_0013_0061_0026_0026.jpg 1 13 61 26 26
0119_0010_0064_0027_0027.jpg 1 10 64 27 27
0120_0019_0020_0044_0044.jpg 1 19 20 44 44
0121_0054_0034_0037_0037.jpg 1 54 34 37 37
0122_0047_0041_0034_0034.jpg 1 47 41 34 34
0123_0019_0007_0042_0042.jpg 1 19 7 42 42
0124_0008_0020_0040_0040.jpg 1 8 20 40 40
0125_0021_0056_0028_0028.jpg 1 21 56 28 28
0126_0052_0055_0032_0032.jpg 1 52 55 32 32
0127_0026_0020_0063_0063.jpg 1 26 20 63 63
0128_0046_0036_0045_0045.jpg 1 46 36 45 45
0129_0009_0038_0048_0048.jpg 1 9 38 48 48
0130_0026_0005_0054_0054.jpg 1 26 5 54 54
0131_0017_0033_0039_0039.jpg 1 17 33 39 39
0132_0011_0005_0062_0062.jpg 1 11 5 62 62
0133_0041_0039_0046_0046.jpg 1 41 39 46 46
0134_0059_0059_0033_0033.jpg 1 59 59 33 33
0135_0027_0011_0028_0028.jpg 1 27 11 28 28
0136_0013_0019_0063_0063.jpg 1 13 19 63 63
0137_0030_0013_0044_0044.jpg 1 30 13 44 44
0138_0024_0013_0045_0045.jpg 1 24 13 45 45
0139_0024_0015_0068_0068.jpg 1 24 15 68 68
0140_0020_0032_0028_0028.jpg 1 20 32 28 28
0141_0042_0038_0035_0035.jpg 1 42 38 35 35
0142_0009_0059_0034_0034.jpg 1 9 59 34 34
0143_0027_0014_0064_0064.jpg 1 27 14 64 64
0144_0013_0026_0036_0036.jpg 1 13 26 36 36
0145_0041_0028_0048_0048.jpg 1 41 28 48 48
0146_0045_0044_0033_0033.jpg 1 45 44 33 33
0147_0034_0044_0030_0030.jpg 1 34 44 30 30
0148_0012_0018_0058_0058.jpg 1 12 18 58 58
0149_0020_0032_0045_0045.jpg 1 20 32 45 45
0150_0036_0014_0047_0047.jpg 1 36 14 47 47
0151_0029_0007_0067_0067.jpg 1 29 7 67 67
0152_0014_0008_0063_0063.jpg 1 14 8 63 63
0153_0058_0058_0030_0030.jpg 1 58 58 30 30
0154_0050_0058_0031_0031.jpg 1 50 58 31 31
0155_0010_0006_0065_0065.jpg 1 10 6 65 65
0156_0015_0045_0035_0035.jpg 1 15 45 35 35
0157_0050_0021_0027_0027.jpg 1 50 21 27 27
0158_0034_0010_0051_0051.jpg 1 34 10 51 51
0159_0009_0023_0057_0057.jpg 1 9 23 57 57
0160_0015_0019_0061_0061.jpg 1 15 19 61 61
0161_0040_0012_0046_0046.jpg 1 40 12 46 46
0162_0016_0016_0053_0053.jpg 1 16 16 53 53
0163_0023_0019_0027_0027.jpg 1 23 19 27 27
0164_0035_0033_0024_0024.jpg 1 35 33 24 24
0165_0038_0019_0056_0056.jpg 1 38 19 56 56
0166_0014_0042_0031_0031.jpg 1 14 42 31 31
0167_0036_0044_0041_0041.jpg 1 36 44 41 41
0168_0041_0038_0038_0038.jpg 1 41 38 38 38
0169_0031_0030_0054_0054.jpg 1 31 30 54 54
0170_0041_0061_0028_0028.jpg 1 41 61 28 28
0171_0015_0005_0046_0046.jpg 1 15 5 46 46
0172_0063_0054_0029_0029.jpg 1 63 54 29 29
0173_0022_0034_0056_0056.jpg 1 22 34 56 56
0174_0020_0008_0060_0060.jpg 1 20 8 60 60
0175_0009_0009_0065_0065.jpg 1 9 9 65 65
0176_0056_0023_0025_0025.jpg 1 56 23 25 25
0177_0003_0007_0069_0069.jpg 1 3 7 69 69
0178_0044_0019_0042_0042.jpg 1 44 19 42 42
0179_0015_0012_0040_0040.jpg 1 15 12 40 40
0180_0042_0039_0049_0049.jpg 1 42 39 49 49
0181_0014_0016_0061_0061.jpg 1 14 16 61 61
0182_0020_0019_0063_0063.jpg 1 20 19 63 63
0183_0020_0023_0066_0066.jpg 1 20 23 66 66
0184_0042_0047_0025_0025.jpg 1 42 47 25 25
0185_0013_0037_0032_0032.jpg 1 13 37 32 32
0186_0041_0034_0044_0044.jpg 1 41 34 44 44
0187_0008_0046_0040_0040.jpg 1 8 46 40 40
0188_0039_0039_0051_0051.jpg 1 39 39 51 51
0189_0045_0011_0029_0029.jpg 1 45 11 29 29
0190_0017_0022_0054_0054.jpg 1 17 22 54 54
0191_0038_0022_0041_0041.jpg 1 38 22 41 41
0192_0016_0032_0061_0061.jpg 1 16 32 61 61
0193_0026_0010_0042_0042.jpg 1 26 10 42 42
0194_0044_0015_0047_0047.jpg 1 44 15 47 47
0195_0020_0055_0038_0038.jpg 1 20 55 38 38
0196_0034_0042_0044_0044.jpg 1 34 42 44 44
0197_0003_0004_0069_0069.jpg 1 3 4 69 69
0198_0053_0033_0028_0028.jpg 1 53 33 28 28
0199_0041_0029_0041_0041.jpg 1 41 29 41 41
0200_0026_0031_0061_0061.jpg 1 26 31 61 61
0201_0045_0020_0035_0035.jpg 1 45 20 35 35
0202_0010_0036_0040_0040.jpg 1 10 36 40 40
0203_0045_0014_0037_0037.jpg 1 45 14 37 37
0204_0045_0034_0032_0032.jpg 1 45 34 32 32
0205_0007_0010_0035_0035.jpg 1 7 10 35 35
0206_0030_0022_0037_0037.jpg 1 30 22 37 37
0207_0024_0004_0058_0058.jpg 1 24 4 58 58
0208_0019_0011_0068_0068.jpg 1 19 11 68 68
0209_0015_0039_0039_0039.jpg 1 15 39 39 39
0210_0033_0031_0039_0039.jpg 1 33 31 39 39
0211_0039_0010_0045_0045.jpg 1 39 10 45 45
0212_0007_0039_0030_0030.jpg 1 7 39 30 30
0213_0011_0045_0047_0047.jpg 1 11 45 47 47
0214_0005_0020_0059_0059.jpg 1 5 20 59 59
0215_0030_0028_0035_0035.jpg 1 30 28 35 35
0216_0045_0017_0043_0043.jpg 1 45 17 43 43
0217_0046_0006_0045_0045.jpg 1 46 6 45 45
0218_0017_0024_0066_0066.jpg 1 17 24 66 66
0219_0030_0032_0037_0037.jpg 1 30 32 37 37
0220_0030_0009_0065_0065.jpg 1 30 9 65 65
0221_0028_0039_0049_0049.jpg 1 28 39 49 49
0222_0014_0012_0056_0056.jpg 1 14 12 56 56
0223_0056_0052_0031_0031.jpg 1 56 52 31 31
0224_0048_0047_0027_0027.jpg 1 48 47 27 27
0225_0020_0040_0029_0029.jpg 1 20 40 29 29
0226_0012_0043_0035_0035.jpg 1 12 43 35 35
0227_0035_0037_0034_0034.jpg 1 35 37 34 34
0228_0019_0018_0068_0068.jpg 1 19 18 68 68
0229_0011_0022_0064_0064.jpg 1 11 22 64 64
0230_0038_0020_0027_0027.jpg 1 38 20 27 27
0231_0017_0018_0053_0053.jpg 1 17 18 53 53
0232_0039_0020_0047_0047.jpg 1 39 20 47 47
0233_0025_0048_0044_0044.jpg 1 25 48 44 44
0234_0029_0025_0060_0060.jpg 1 29 25 60 60
0235_0008_0023_0030_0030.jpg 1 8 23 30 30
0236_0014_0010_0027_0027.jpg 1 14 10 27 27
0237_0045_0026_0047_0047.jpg 1 45 26 47 47
0238_0044_0039_0034_0034.jpg 1 44 39 34 34
0239_0023_0022_0067_0067.jpg 1 23 22 67 67
0240_0031_0035_0036_0036.jpg 1 31 35 36 36
0241_0004_0012_0059_0059.jpg 1 4 12 59 59
0242_0007_0047_0025_0025.jpg 1 7 47 25 25
0243_0022_0042_0043_0043.jpg 1 22 42 43 43
0244_0042_0021_0029_0029.jpg 1 42 21 29 29
0245_0010_0058_0030_0030.jpg 1 10 58 30 30
0246_0010_0025_0069_0069.jpg 1 10 25 69 69
0247_0011_0039_0042_0042.jpg 1 11 39 42 42
0248_0032_0036_0057_0057.jpg 1 32 36 57 57
0249_0008_0013_0028_0028.jpg 1 8 13 28 28
0250_0023_0053_0025_0025.jpg 1 23 53 25 25
0251_0012_0014_0066_0066.jpg 1 12 14 66 66
0252_0005_0019_0069_0069.jpg 1 5 19 69 69
0253_0022_0021_0039_0039.jpg 1 22 21 39 39
0254_0035_0007_0051_0051.jpg 1 35 7 51 51
0255_0044_0060_0027_0027.jpg 1 44 60 27 27
0256_0035_0013_0026_0026.jpg 1 35 13 26 26
0257_0056_0051_0029_0029.jpg 1 56 51 29 29
0258_0033_0004_0061_0061.jpg 1 33 4 61 61
0259_0008_0012_0064_0064.jpg 1 8 12 64 64
0260_0027_0047_0030_0030.jpg 1 27 47 30 30
0261_0024_0041_0042_0042.jpg 1 24 41 42 42
0262_0039_0038_0029_0029.jpg 1 39 38 29 29
0263_0017_0011_0069_0069.jpg 1 17 11 69 69
0264_0017_0012_0063_0063.jpg 1 17 12 63 63
0265_0043_0008_0042_0042.jpg 1 43 8 42 42
0266_0034_0033_0042_0042.jpg 1 34 33 42 42
0267_0007_0021_0042_0042.jpg 1 7 21 42 42
0268_0011_0010_0056_0056.jpg 1 11 10 56 56
0269_0048_0060_0031_0031.jpg 1 48 60 31 31
0270_0033_0019_0027_0027.jpg 1 33 19 27 27
0271_0043_0033_0043_0043.jpg 1 43 33 43 43
0272_0034_0040_0026_0026.jpg 1 34 40 26 26
0273_0056_0012_0029_0029.jpg 1 56 12 29 29
0274_0029_0029_0036_0036.jpg 1 29 29 36 36
0275_0044_0044_0034_0034.jpg 1 44 44 34 34
0276_0037_0027_0026_0026.jpg 1 37 27 26 26
0277_0020_0028_0064_0064.jpg 1 20 28 64 64
0278_0023_0019_0052_0052.jpg 1 23 19 52 52
0279_0030_0009_0052_0052.jpg 1 30 9 52 52
0280_0029_0029_0036_0036.jpg 1 29 29 36 36
0281_0013_0015_0060_0060.jpg 1 13 15 60 60
0282_0020_0004_0056_0056.jpg 1 20 4 56 56
0283_0036_0025_0052_0052.jpg 1 36 25 52 52
0284_0013_0016_0042_0042.jpg 1 13 16 42 42
0285_0047_0005_0042_0042.jpg 1 47 5 42 42
0286_0017_0021_0066_0066.jpg 1 17 21 66 66
0287_0005_0027_0061_0061.jpg 1 5 27 61 61
0288_0018_0036_0054_0054.jpg 1 18 36 54 54
0289_0015_0022_0046_0046.jpg 1 15 22 46 46
0290_0029_0025_0059_0059.jpg 1 29 25 59 59
0291_0057_0052_0036_0036.jpg 1 57 52 36 36
0292_0067_0062_0024_0024.jpg 1 67 62 24 24
0293_0026_0019_0044_0044.jpg 1 26 19 44 44
0294_0021_0019_0062_0062.jpg 1 21 19 62 62
0295_0012_0009_0038_0038.jpg 1 12 9 38 38
0296_0019_0012_0052_0052.jpg 1 19 12 52 52
0297_0032_0014_0029_0029.jpg 1 32 14 29 29
0298_0021_0031_0060_0060.jpg 1 21 31 60 60
0299_0058_0037_0027_0027.jpg 1 58 37 27 27
0300_0022_0024_0066_0066.jpg 1 22 24 66 66
0301_0022_0028_0050_0050.jpg 1 22 28 50 50
0302_0012_0032_0053_0053.jpg 1 12 32 53 53
0303_0014_0051_0034_0034.jpg 1 14 51 34 34
0304_0021_0027_0068_0068.jpg 1 21 27 68 68
0305_0039_0056_0035_0035.jpg 1 39 56 35 35
0306_0022_0058_0025_0025.jpg 1 22 58 25 25
0307_0032_0053_0038_0038.jpg 1 32 53 38 38
0308_0036_0041_0044_0044.jpg 1 36 41 44 44
0309_0015_0012_0064_0064.jpg 1 15 12 64 64
0310_0056_0040_0036_0036.jpg 1 56 40 36 36
0311_0032_0062_0027_0027.jpg 1 32 62 27 27
0312_0004_0006_0054_0054.jpg 1 4 6 54 54
0313_0009_0039_0042_0042.jpg 1 9 39 42 42
0314_0034_0052_0040_0040.jpg 1 34 52 40 40
0315_0013_0017_0057_0057.jpg 1 13 17 57 57
0316_0029_0007_0034_0034.jpg 1 29 7 34 34
0317_0006_0037_0045_0045.jpg 1 6 37 45 45
0318_0029_0035_0041_0041.jpg 1 29 35 41 41
0319_0025_0049_0038_0038.jpg 1 25 49 38 38
0320_0058_0057_0030_0030.jpg 1 58 57 30 30
0321_0032_0032_0060_0060.jpg 1 32 32 60 60
0322_0005_0030_0047_0047.jpg 1 5 30 47 47
0323_0010_0033_0042_0042.jpg 1 10 33 42 42
0324_0033_0014_0051_0051.jpg 1 33 14 51 51
0325_0034_0022_0048_0048.jpg 1 34 22 48 48
0326_0017_0008_0068_0068.jpg 1 17 8 68 68
0327_0012_0011_0060_0060.jpg 1 12 11 60 60
0328_0013_0018_0068_0068.jpg 1 13 18 68 68
0329_0005_0014_0060_0060.jpg 1 5 14 60 60
0330_0035_0025_0058_0058.jpg 1 35 25 58 58
0331_0013_0005_0062_0062.jpg 1 13 5 62 62
0332_0015_0016_0061_0061.jpg 1 15 16 61 61
0333_0021_0012_0064_0064.jpg 1 21 12 64 64
0334_0010_0018_0047_0047.jpg 1 10 18 47 47
0335_0031_0006_0045_0045.jpg 1 31 6 45 45
0336_0045_0042_0040_0040.jpg 1 45 42 40 40
0337_0031_0010_0046_0046.jpg 1 31 10 46 46
0338_0030_0019_0057_0057.jpg 1 30 19 57 57
0339_0033_0034_0040_0040.jpg 1 33 34 40 40
0340_0043_0031_0039_0039.jpg 1 43 31 39 39
0341_0026_0013_0065_0065.jpg 1 26 13 65 65
0342_0019_0016_0042_0042.jpg 1 19 16 42 42
0343_0012_0017_0061_0061.jpg 1 12 17 61 61
0344_0048_0052_0024_0024.jpg 1 48 52 24 24
0345_0019_0043_0041_0041.jpg 1 19 43 41 41
0346_0022_0008_0063_0063.jpg 1 22 8 63 63
0347_0029_0012_0058_0058.jpg 1 29 12 58 58
0348_0012_0009_0026_0026.jpg 1 12 9 26 26
0349_0043_0029_0037_0037.jpg 1 43 29 37 37
0350_0036_0034_0054_0054.jpg 1 36 34 54 54
0351_0017_0011_0059_0059.jpg 1 17 11 59 59
0352_0037_0037_0040_0040.jpg 1 37 37 40 40
0353_0016_0025_0027_0027.jpg 1 16 25 27 27
0354_0025_0049_0025_0025.jpg 1 25 49 25 25
0355_0055_0013_0035_0035.jpg 1 55 13 35 35
0356_0027_0056_0027_0027.jpg 1 27 56 27 27
0357_0052_0035_0030_0030.jpg 1 52 35 30 30
0358_0031_0036_0046_0046.jpg 1 31 36 46 46
0359_0009_0050_0029_0029.jpg 1 9 50 29 29
0360_0017_0012_0058_0058.jpg 1 17 12 58 58
0361_0023_0034_0032_0032.jpg 1 23 34 32 32
0362_0034_0008_0036_0036.jpg 1 34 8 36 36
0363_0010_0023_0064_0064.jpg 1 10 23 64 64
0364_0025_0005_0060_0060.jpg 1 25 5 60 60
0365_0021_0041_0028_0028.jpg 1 21 41 28 28
0366_0009_0042_0039_0039.jpg 1 9 42 39 39
0367_0016_0027_0063_0063.jpg 1 16 27 63 63
0368_0011_0010_0048_0048.jpg 1 11 10 48 48
0369_0012_0025_0063_0063.jpg 1 12 25 63 63
0370_0004_0021_0064_0064.jpg 1 4 21 64 64
0371_0007_0032_0060_0060.jpg 1 7 32 60 60
0372_0022_0046_0038_0038.jpg 1 22 46 38 38
0373_0016_0013_0048_0048.jpg 1 16 13 48 48
0374_0047_0011_0047_0047.jpg 1 47 11 47 47
0375_0036_0063_0026_0026.jpg 1 36 63 26 26
0376_0033_0011_0025_0025.jpg 1 33 11 25 25
0377_0022_0016_0028_0028.jpg 1 22 16 28 28
0378_0008_0003_0069_0069.jpg 1 8 3 69 69
0379_0053_0022_0030_0030.jpg 1 53 22 30 30
0380_0019_0007_0042_0042.jpg 1 19 7 42 42
0381_0027_0004_0065_0065.jpg 1 27 4 65 65
0382_0005_0012_0051_0051.jpg 1 5 12 51 51
0383_0015_0007_0059_0059.jpg 1 15 7 59 59
0384_0014_0010_0059_0059.jpg 1 14 10 59 59
0385_0031_0033_0047_0047.jpg 1 31 33 47 47
0386_0032_0038_0033_0033.jpg 1 32 38 33 33
0387_0023_0048_0032_0032.jpg 1 23 48 32 32
0388_0039_0026_0029_0029.jpg 1 39 26 29 29
0389_0036_0031_0033_0033.jpg 1 36 31 33 33
0390_0017_0020_0037_0037.jpg 1 17 20 37 37
0391_0022_0023_0048_0048.jpg 1 22 23 48 48
0392_0023_0025_0064_0064.jpg 1 23 25 64 64
0393_0041_0011_0051_0051.jpg 1 41 11 51 51
0394_0018_0032_0053_0053.jpg 1 18 32 53 53
0395_0013_0034_0053_0053.jpg 1 13 34 53 53
0396_0024_0032_0024_0024.jpg 1 24 32 24 24
0397_0042_0006_0039_0039.jpg 1 42 6 39 39
0398_0031_0006_0049_0049.jpg 1 31 6 49 49
0399_0038_0025_0034_0034.jpg 1 38 25 34 34
0400_0008_0029_0040_0040.jpg 1 8 29 40 40
0401_0006_0009_0055_0055.jpg 1 6 9 55 55
0402_0009_0048_0041_0041.jpg 1 9 48 41 41
0403_0022_0007_0043_0043.jpg 1 22 7 43 43
0404_0034_0040_0041_0041.jpg 1 34 40 41 41
0405_0010_0032_0024_0024.jpg 1 10 32 24 24
0406_0029_0021_0066_0066.jpg 1 29 21 66 66
0407_0018_0005_0066_0066.jpg 1 18 5 66 66
0408_0056_0020_0025_0025.jpg 1 56 20 25 25
0409_0004_0025_0061_0061.jpg 1 4 25 61 61
0410_0045_0043_0031_0031.jpg 1 45 43 31 31
0411_0033_0007_0061_0061.jpg 1 33 7 61 61
0412_0035_0054_0034_0034.jpg 1 35 54 34 34
0413_0029_0022_0043_0043.jpg 1 29 22 43 43
0414_0009_0009_0053_0053.jpg 1 9 9 53 53
0415_0058_0019_0024_0024.jpg 1 58 19 24 24
0416_0024_0034_0060_0060.jpg 1 24 34 60 60
0417_0047_0018_0042_0042.jpg 1 47 18 42 42
0418_0028_0044_0041_0041.jpg 1 28 44 41 41
0419_0007_0064_0024_0024.jpg 1 7 64 24 24
0420_0047_0046_0024_0024.jpg 1 47 46 24 24
0421_0027_0046_0047_0047.jpg 1 27 46 47 47
0422_0048_0055_0027_0027.jpg 1 48 55 27 27
0423_0019_0007_0063_0063.jpg 1 19 7 63 63
0424_0014_0012_0061_0061.jpg 1 14 12 61 61
0425_0032_0048_0030_0030.jpg 1 32 48 30 30
0426_0043_0009_0025_0025.jpg 1 43 9 25 25
0427_0026_0004_0064_0064.jpg 1 26 4 64 64
0428_0020_0007_0035_0035.jpg 1 20 7 35 35
0429_0042_0022_0026_0026.jpg 1 42 22 26 26
0430_0010_0035_0056_0056.jpg 1 10 35 56 56
0431_0044_0041_0040_0040.jpg 1 44 41 40 40
0432_0016_0009_0064_0064.jpg 1 16 9 64 64
0433_0058_0055_0025_0025.jpg 1 58 55 25 25
0434_0047_0027_0037_0037.jpg 1 47 27 37 37
0435_0029_0011_0053_0053.jpg 1 29 11 53 53
0436_0048_0038_0044_0044.jpg 1 48 38 44 44
0437_0022_0021_0068_0068.jpg 1 22 21 68 68
0438_0016_0032_0041_0041.jpg 1 16 32 41 41
0439_0016_0012_0032_0032.jpg 1 16 12 32 32
0440_0028_0030_0042_0042.jpg 1 28 30 42 42
0441_0025_0032_0059_0059.jpg 1 25 32 59 59
0442_0046_0018_0033_0033.jpg 1 46 18 33 33
0443_0017_0058_0026_0026.jpg 1 17 58 26 26
0444_0031_0012_0063_0063.jpg 1 31 12 63 63
0445_0032_0051_0030_0030.jpg 1 32 51 30 30
0446_0030_0050_0041_0041.jpg 1 30 50 41 41
0447_0024_0034_0049_0049.jpg 1 24 34 49 49
0448_0018_0021_0069_0069.jpg 1 18 21 69 69
0449_0015_0009_0057_0057.jpg 1 15 9 57 57
0450_0022_0033_0057_0057.jpg 1 22 33 57 57
0451_0012_0041_0030_0030.jpg 1 12 41 30 30
0452_0007_0027_0069_0069.jpg 1 7 27 69 69
0453_0023_0019_0062_0062.jpg 1 23 19 62 62
0454_0004_0026_0068_0068.jpg 1 4 26 68 68
0455_0009_0025_0065_0065.jpg 1 9 25 65 65
0456_0042_0054_0031_0031.jpg 1 42 54 31 31
0457_0011_0046_0032_0032.jpg 1 11 46 32 32
0458_0055_0057_0025_0025.jpg 1 55 57 25 25
0459_0038_0060_0029_0029.jpg 1 38 60 29 29
0460_0037_0019_0057_0057.jpg 1 37 19 57 57
0461_0030_0019_0041_0041.jpg 1 30 19 41 41
0462_0038_0036_0041_0041.jpg 1 38 36 41 41
0463_0019_0031_0056_0056.jpg 1 19 31 56 56
0464_0037_0021_0052_0052.jpg 1 37 21 52 52
0465_0035_0014_0037_0037.jpg 1 35 14 37 37
0466_0008_0013_0062_0062.jpg 1 8 13 62 62
0467_0010_0023_0062_0062.jpg 1 10 23 62 62
0468_0030_0007_0048_0048.jpg 1 30 7 48 48
0469_0035_0031_0044_0044.jpg 1 35 31 44 44
0470_0063_0051_0029_0029.jpg 1 63 51 29 29
0471_0020_0008_0065_0065.jpg 1 20 8 65 65
0472_0035_0038_0032_0032.jpg 1 35 38 32 32
0473_0049_0039_0028_0028.jpg 1 49 39 28 28
0474_0005_0020_0068_0068.jpg 1 5 20 68 68
0475_0026_0063_0027_0027.jpg 1 26 63 27 27
0476_0017_0015_0042_0042.jpg 1 17 15 42 42
0477_0040_0018_0050_0050.jpg 1 40 18 50 50
0478_0011_0024_0067_0067.jpg 1 11 24 67 67
0479_0031_0013_0039_0039.jpg 1 31 13 39 39
0480_0015_0036_0059_0059.jpg 1 15 36 59 59
0481_0020_0059_0034_0034.jpg 1 20 59 34 34
0482_0034_0025_0042_0042.jpg 1 34 25 42 42
0483_0024_0013_0059_0059.jpg 1 24 13 59 59
0484_0030_0018_0061_0061.jpg 1 30 18 61 61
0485_0037_0037_0040_0040.jpg 1 37 37 40 40
0486_0029_0013_0067_0067.jpg 1 29 13 67 67
0487_0045_0048_0028_0028.jpg 1 45 48 28 28
0488_0020_0028_0063_0063.jpg 1 20 28 63 63
0489_0034_0026_0026_0026.jpg 1 34 26 26 26
0490_0041_0052_0036_0036.jpg 1 41 52 36 36
0491_0035_0010_0039_0039.jpg 1 35 10 39 39
0492_0017_0024_0066_0066.jpg 1 17 24 66 66
0493_0019_0044_0049_0049.jpg 1 19 44 49 49
0494_0025_0032_0063_0063.jpg 1 25 32 63 63
0495_0057_0044_0024_0024.jpg 1 57 44 24 24
0496_0061_0029_0032_0032.jpg 1 61 29 32 32
0497_0012_0020_0041_0041.jpg 1 12 20 41 41
0498_0009_0017_0066_0066.jpg 1 9 17 66 66
0499_0011_0024_0056_0056.jpg 1 11 24 56 56
0500_0037_0049_0025_0025.jpg 1 37 49 25 25
0501_0013_0010_0027_0027.jpg 1 13 10 27 27
0502_0013_0047_0043_0043.jpg 1 13 47 43 43
0503_0014_0048_0031_0031.jpg 1 14 48 31 31
0504_0024_0011_0057_0057.jpg 1 24 11 57 57
0505_0039_0035_0051_0051.jpg 1 39 35 51 51
0506_0056_0034_0025_0025.jpg 1 56 34 25 25
0507_0010_0031_0044_0044.jpg 1 10 31 44 44
0508_0016_0031_0046_0046.jpg 1 16 31 46 46
0509_0029_0049_0044_0044.jpg 1 29 49 44 44
0510_0032_0031_0059_0059.jpg 1 32 31 59 59
0511_0018_0009_0069_0069.jpg 1 18 9 69 69
0512_0017_0022_0037_0037.jpg 1 17 22 37 37
0513_0021_0020_0065_0065.jpg 1 21 20 65 65
0514_0022_0025_0059_0059.jpg 1 22 25 59 59
0515_0017_0008_0057_0057.jpg 1 17 8 57 57
0516_0014_0011_0035_0035.jpg 1 14 11 35 35
0517_0005_0028_0059_0059.jpg 1 5 28 59 59
0518_0024_0024_0063_0063.jpg 1 24 24 63 63
0519_0049_0021_0042_0042.jpg 1 49 21 42 42
0520_0037_0053_0037_0037.jpg 1 37 53 37 37
0521_0032_0042_0045_0045.jpg 1 32 42 45 45
0522_0026_0024_0057_0057.jpg 1 26 24 57 57
0523_0022_0013_0061_0061.jpg 1 22 13 61 61
0524_0019_0017_0025_0025.jpg 1 19 17 25 25
0525_0010_0024_0067_0067.jpg 1 10 24 67 67
0526_0029_0032_0055_0055.jpg 1 29 32 55 55
0527_0006_0008_0045_0045.jpg 1 6 8 45 45
0528_0047_0051_0024_0024.jpg 1 47 51 24 24
0529_0008_0028_0038_0038.jpg 1 8 28 38 38
0530_0025_0038_0055_0055.jpg 1 25 38 55 55
0531_0053_0009_0032_0032.jpg 1 53 9 32 32
0532_0011_0047_0037_0037.jpg 1 11 47 37 37
0533_0022_0008_0067_0067.jpg 1 22 8 67 67
0534_0028_0008_0053_0053.jpg 1 28 8 53 53
0535_0015_0031_0030_0030.jpg 1 15 31 30 30
0536_0041_0016_0049_0049.jpg 1 41 16 49 49
0537_0017_0031_0049_0049.jpg 1 17 31 49 49
0538_0014_0034_0046_0046.jpg 1 14 34 46 46
0539_0004_0007_0069_0069.jpg 1 4 7 69 69
0540_0007_0034_0036_0036.jpg 1 7 34 36 36
0541_0031_0015_0052_0052.jpg 1 31 15 52 52
0542_0039_0037_0043_0043.jpg 1 39 37 43 43
0543_0029_0029_0025_0025.jpg 1 29 29 25 25
0544_0014_0010_0056_0056.jpg 1 14 10 56 56
0545_0025_0013_0050_0050.jpg 1 25 13 50 50
0546_0020_0015_0039_0039.jpg 1 20 15 39 39
0547_0056_0026_0025_0025.jpg 1 56 26 25 25
0548_0046_0013_0045_0045.jpg 1 46 13 45 45
0549_0006_0007_0032_0032.jpg 1 6 7 32 32
0550_0013_0033_0045_0045.jpg 1 13 33 45 45
0551_0025_0028_0058_0058.jpg 1 25 28 58 58
0552_0015_0020_0062_0062.jpg 1 15 20 62 62
0553_0053_0033_0031_0031.jpg 1 53 33 31 31
0554_0048_0020_0030_0030.jpg 1 48 20 30 30
0555_0025_0047_0039_0039.jpg 1 25 47 39 39
0556_0055_0059_0028_0028.jpg 1 55 59 28 28
0557_0029_0008_0051_0051.jpg 1 29 8 51 51
0558_0008_0025_0041_0041.jpg 1 8 25 41 41
0559_0043_0031_0031_0031.jpg 1 43 31 31 31
0560_0014_0035_0052_0052.jpg 1 14 35 52 52
0561_0011_0014_0056_0056.jpg 1 11 14 56 56
0562_0037_0032_0050_0050.jpg 1 37 32 50 50
0563_0017_0015_0034_0034.jpg 1 17 15 34 34
0564_0021_0030_0064_0064.jpg 1 21 30 64 64
0565_0038_0020_0050_0050.jpg 1 38 20 50 50
0566_0053_0052_0034_0034.jpg 1 53 52 34 34
0567_0018_0010_0063_0063.jpg 1 18 10 63 63
0568_0010_0014_0042_0042.jpg 1 10 14 42 42
0569_0030_0026_0043_0043.jpg 1 30 26 43 43
0570_0020_0031_0057_0057.jpg 1 20 31 57 57
0571_0025_0028_0035_0035.jpg 1 25 28 35 35
0572_0034_0056_0027_0027.jpg 1 34 56 27 27
0573_0024_0013_0067_0067.jpg 1 24 13 67 67
0574_0021_0028_0044_0044.jpg 1 21 28 44 44
0575_0067_0059_0024_0024.jpg 1 67 59 24 24
0576_0028_0044_0046_0046.jpg 1 28 44 46 46
0577_0032_0015_0057_0057.jpg 1 32 15 57 57
0578_0014_0038_0038_0038.jpg 1 14 38 38 38
0579_0037_0050_0025_0025.jpg 1 37 50 25 25
0580_0012_0006_0064_0064.jpg 1 12 6 64 64
0581_0039_0041_0049_0049.jpg 1 39 41 49 49
0582_0029_0013_0035_0035.jpg 1 29 13 35 35
0583_0017_0022_0057_0057.jpg 1 17 22 57 57
0584_0063_0040_0026_0026.jpg 1 63 40 26 26
0585_0026_0005_0062_0062.jpg 1 26 5 62 62
0586_0019_0038_0044_0044.jpg 1 19 38 44 44
0587_0025_0036_0033_0033.jpg 1 25 36 33 33
0588_0018_0021_0065_0065.jpg 1 18 21 65 65
0589_0032_0055_0035_0035.jpg 1 32 55 35 35
0590_0021_0042_0043_0043.jpg 1 21 42 43 43
0591_0035_0044_0044_0044.jpg 1 35 44 44 44
0592_0010_0037_0058_0058.jpg 1 10 37 58 58
0593_0011_0006_0064_0064.jpg 1 11 6 64 64
0594_0027_0024_0063_0063.jpg 1 27 24 63 63
0595_0027_0042_0045_0045.jpg 1 27 42 45 45
0596_0010_0050_0026_0026.jpg 1 10 50 26 26
0597_0004_0018_0064_0064.jpg 1 4 18 64 64
0598_0008_0006_0064_0064.jpg 1 8 6 64 64
0599_0006_0013_0062_0062.jpg 1 6 13 62 62
0600_0034_0030_0060_0060.jpg 1 34 30 60 60
0601_0011_0008_0067_0067.jpg 1 11 8 67 67
0602_0038_0034_0057_0057.jpg 1 38 34 57 57
0603_0063_0019_0026_0026.jpg 1 63 19 26 26
0604_0035_0015_0051_0051.jpg 1 35 15 51 51
0605_0030_0020_0052_0052.jpg 1 30 20 52 52
0606_0020_0030_0031_0031.jpg 1 20 30 31 31
0607_0007_0038_0053_0053.jpg 1 7 38 53 53
0608_0023_0025_0068_0068.jpg 1 23 25 68 68
0609_0010_0007_0035_0035.jpg 1 10 7 35 35
0610_0021_0043_0033_0033.jpg 1 21 43 33 33
0611_0044_0024_0030_0030.jpg 1 44 24 30 30
0612_0042_0025_0029_0029.jpg 1 42 25 29 29
0613_0014_0018_0059_0059.jpg 1 14 18 59 59
0614_0039_0034_0053_0053.jpg 1 39 34 53 53
0615_0058_0047_0028_0028.jpg 1 58 47 28 28
0616_0029_0019_0032_0032.jpg 1 29 19 32 32
0617_0058_0010_0026_0026.jpg 1 58 10 26 26
0618_0033_0017_0048_0048.jpg 1 33 17 48 48
0619_0014_0037_0039_0039.jpg 1 14 37 39 39
0620_0010_0011_0068_0068.jpg 1 10 11 68 68
0621_0010_0020_0038_0038.jpg 1 10 20 38 38
0622_0023_0038_0052_0052.jpg 1 23 38 52 52
0623_0008_0015_0031_0031.jpg 1 8 15 31 31
0624_0013_0011_0062_0062.jpg 1 13 11 62 62
0625_0010_0037_0049_0049.jpg 1 10 37 49 49
0626_0030_0026_0052_0052.jpg 1 30 26 52 52
0627_0013_0043_0034_0034.jpg 1 13 43 34 34
0628_0011_0009_0054_0054.jpg 1 11 9 54 54
0629_0043_0031_0046_0046.jpg 1 43 31 46 46
0630_0043_0017_0044_0044.jpg 1 43 17 44 44
0631_0044_0009_0041_0041.jpg 1 44 9 41 41
0632_0031_0005_0049_0049.jpg 1 31 5 49 49
0633_0056_0031_0030_0030.jpg 1 56 31 30 30
0634_0020_0011_0068_0068.jpg 1 20 11 68 68
0635_0063_0049_0029_0029.jpg 1 63 49 29 29
0636_0023_0045_0032_0032.jpg 1 23 45 32 32
0637_0013_0013_0028_0028.jpg 1 13 13 28 28
0638_0046_0021_0037_0037.jpg 1 46 21 37 37
0639_0038_0014_0057_0057.jpg 1 38 14 57 57
0640_0022_0034_0059_0059.jpg 1 22 34 59 59
0641_0029_0020_0065_0065.jpg 1 29 20 65 65
0642_0056_0016_0027_0027.jpg 1 56 16 27 27
0643_0044_0044_0043_0043.jpg 1 44 44 43 43
0644_0011_0015_0055_0055.jpg 1 11 15 55 55
0645_0032_0033_0054_0054.jpg 1 32 33 54 54
0646_0006_0012_0066_0066.jpg 1 6 12 66 66
0647_0025_0010_0056_0056.jpg 1 25 10 56 56
0648_0009_0041_0039_0039.jpg 1 9 41 39 39
0649_0013_0021_0036_0036.jpg 1 13 21 36 36
0650_0029_0009_0056_0056.jpg 1 29 9 56 56
0651_0014_0035_0061_0061.jpg 1 14 35 61 61
0652_0009_0010_0064_0064.jpg 1 9 10 64 64
0653_0025_0026_0055_0055.jpg 1 25 26 55 55
0654_0021_0044_0027_0027.jpg 1 21 44 27 27
0655_0038_0022_0039_0039.jpg 1 38 22 39 39
0656_0008_0026_0043_0043.jpg 1 8 26 43 43
0657_0013_0005_0046_0046.jpg 1 13 5 46 46
0658_0021_0032_0060_0060.jpg 1 21 32 60 60
0659_0041_0025_0052_0052.jpg 1 41 25 52 52
0660_0037_0044_0041_0041.jpg 1 37 44 41 41
0661_0019_0017_0035_0035.jpg 1 19 17 35 35
0662_0013_0031_0051_0051.jpg 1 13 31 51 51
0663_0033_0035_0054_0054.jpg 1 33 35 54 54
0664_0033_0044_0047_0047.jpg 1 33 44 47 47
0665_0037_0009_0045_0045.jpg 1 37 9 45 45
0666_0012_0036_0057_0057.jpg 1 12 36 57 57
0667_0013_0016_0052_0052.jpg 1 13 16 52 52
0668_0022_0022_0065_0065.jpg 1 22 22 65 65
0669_0025_0026_0052_0052.jpg 1 25 26 52 52
0670_0016_0041_0046_0046.jpg 1 16 41 46 46
0671_0059_0029_0028_0028.jpg 1 59 29 28 28
0672_0027_0020_0058_0058.jpg 1 27 20 58 58
0673_0028_0021_0030_0030.jpg 1 28 21 30 30
0674_0039_0026_0048_0048.jpg 1 39 26 48 48
0675_0034_0046_0027_0027.jpg 1 34 46 27 27
0676_0022_0015_0025_0025.jpg 1 22 15 25 25
0677_0050_0017_0038_0038.jpg 1 50 17 38 38
0678_0014_0012_0028_0028.jpg 1 14 12 28 28
0679_0034_0005_0059_0059.jpg 1 34 5 59 59
0680_0022_0011_0050_0050.jpg 1 22 11 50 50
0681_0026_0034_0060_0060.jpg 1 26 34 60 60
0682_0036_0046_0043_0043.jpg 1 36 46 43 43
0683_0038_0040_0054_0054.jpg 1 38 40 54 54
0684_0034_0032_0029_0029.jpg 1 34 32 29 29
0685_0024_0005_0058_0058.jpg 1 24 5 58 58
0686_0034_0032_0055_0055.jpg 1 34 32 55 55
0687_0028_0012_0047_0047.jpg 1 28 12 47 47
0688_0050_0039_0030_0030.jpg 1 50 39 30 30
0689_0024_0013_0028_0028.jpg 1 24 13 28 28
0690_0040_0015_0034_0034.jpg 1 40 15 34 34
0691_0038_0021_0056_0056.jpg 1 38 21 56 56
0692_0054_0050_0037_0037.jpg 1 54 50 37 37
0693_0009_0051_0035_0035.jpg 1 9 51 35 35
0694_0050_0022_0042_0042.jpg 1 50 22 42 42
0695_0005_0034_0060_0060.jpg 1 5 34 60 60
0696_0027_0044_0044_0044.jpg 1 27 44 44 44
0697_0034_0015_0038_0038.jpg 1 34 15 38 38
0698_0011_0023_0065_0065.jpg 1 11 23 65 65
0699_0022_0042_0052_0052.jpg 1 22 42 52 52
0700_0013_0028_0030_0030.jpg 1 13 28 30 30
0701_0043_0028_0037_0037.jpg 1 43 28 37 37
0702_0038_0010_0057_0057.jpg 1 38 10 57 57
0703_0048_0017_0035_0035.jpg 1 48 17 35 35
0704_0059_0029_0032_0032.jpg 1 59 29 32 32
0705_0028_0015_0051_0051.jpg 1 28 15 51 51
0706_0025_0038_0027_0027.jpg 1 25 38 27 27
0707_0011_0035_0054_0054.jpg 1 11 35 54 54
0708_0050_0013_0034_0034.jpg 1 50 13 34 34
0709_0007_0013_0044_0044.jpg 1 7 13 44 44
0710_0021_0050_0024_0024.jpg 1 21 50 24 24
0711_0056_0021_0030_0030.jpg 1 56 21 30 30
0712_0040_0012_0043_0043.jpg 1 40 12 43 43
0713_0033_0050_0044_0044.jpg 1 33 50 44 44
0714_0009_0010_0058_0058.jpg 1 9 10 58 58
0715_0017_0017_0066_0066.jpg 1 17 17 66 66
0716_0013_0046_0028_0028.jpg 1 13 46 28 28
0717_0005_0046_0042_0042.jpg 1 5 46 42 42
0718_0027_0048_0034_0034.jpg 1 27 48 34 34
0719_0031_0065_0026_0026.jpg 1 31 65 26 26
0720_0018_0056_0025_0025.jpg 1 18 56 25 25
0721_0040_0045_0045_0045.jpg 1 40 45 45 45
0722_0030_0007_0061_0061.jpg 1 30 7 61 61
0723_0020_0027_0067_0067.jpg 1 20 27 67 67
0724_0031_0039_0049_0049.jpg 1 31 39 49 49
0725_0027_0041_0037_0037.jpg 1 27 41 37 37
0726_0044_0033_0042_0042.jpg 1 44 33 42 42
0727_0033_0023_0045_0045.jpg 1 33 23 45 45
0728_0042_0049_0043_0043.jpg 1 42 49 43 43
0729_0030_0056_0026_0026.jpg 1 30 56 26 26
0730_0010_0022_0064_0064.jpg 1 10 22 64 64
0731_0030_0007_0062_0062.jpg 1 30 7 62 62
0732_0043_0031_0034_0034.jpg 1 43 31 34 34
0733_0047_0042_0047_0047.jpg 1 47 42 47 47
0734_0037_0017_0057_0057.jpg 1 37 17 57 57
0735_0027_0030_0060_0060.jpg 1 27 30 60 60
0736_0051_0053_0027_0027.jpg 1 51 53 27 27
0737_0022_0012_0053_0053.jpg 1 22 12 53 53
0738_0010_0020_0057_0057.jpg 1 10 20 57 57
0739_0015_0007_0067_0067.jpg 1 15 7 67 67
0740_0030_0059_0032_0032.jpg 1 30 59 32 32
0741_0034_0034_0047_0047.jpg 1 34 34 47 47
0742_0056_0016_0037_0037.jpg 1 56 16 37 37
0743_0044_0037_0038_0038.jpg 1 44 37 38 38
0744_0029_0036_0057_0057.jpg 1 29 36 57 57
0745_0025_0007_0034_0034.jpg 1 25 7 34 34
0746_0037_0007_0030_0030.jpg 1 37 7 30 30
0747_0029_0009_0064_0064.jpg 1 29 9 64 64
0748_0013_0010_0057_0057.jpg 1 13 10 57 57
0749_0037_0023_0055_0055.jpg 1 37 23 55 55
0750_0055_0027_0035_0035.jpg 1 55 27 35 35
0751_0039_0014_0024_0024.jpg 1 39 14 24 24
0752_0012_0011_0024_0024.jpg 1 12 11 24 24
0753_0015_0005_0059_0059.jpg 1 15 5 59 59
0754_0027_0018_0061_0061.jpg 1 27 18 61 61
0755_0028_0012_0056_0056.jpg 1 28 12 56 56
0756_0029_0015_0032_0032.jpg 1 29 15 32 32
0757_0038_0005_0049_0049.jpg 1 38 5 49 49
0758_0005_0011_0068_0068.jpg 1 5 11 68 68
0759_0026_0013_0046_0046.jpg 1 26 13 46 46
0760_0038_0029_0025_0025.jpg 1 38 29 25 25
0761_0037_0012_0057_0057.jpg 1 37 12 57 57
0762_0027_0047_0046_0046.jpg 1 27 47 46 46
0763_0010_0033_0053_0053.jpg 1 10 33 53 53
0764_0008_0037_0041_0041.jpg 1 8 37 41 41
0765_0019_0006_0051_0051.jpg 1 19 6 51 51
0766_0013_0045_0041_0041.jpg 1 13 45 41 41
0767_0017_0022_0034_0034.jpg 1 17 22 34 34
0768_0039_0015_0031_0031.jpg 1 39 15 31 31
0769_0015_0015_0061_0061.jpg 1 15 15 61 61
0770_0019_0009_0053_0053.jpg 1 19 9 53 53
0771_0032_0032_0031_0031.jpg 1 32 32 31 31
0772_0039_0021_0035_0035.jpg 1 39 21 35 35
0773_0027_0053_0038_0038.jpg 1 27 53 38 38
0774_0029_0026_0061_0061.jpg 1 29 26 61 61
0775_0014_0010_0061_0061.jpg 1 14 10 61 61
0776_0008_0037_0050_0050.jpg 1 8 37 50 50
0777_0027_0038_0052_0052.jpg 1 27 38 52 52
0778_0008_0028_0036_0036.jpg 1 8 28 36 36
0779_0029_0048_0033_0033.jpg 1 29 48 33 33
0780_0052_0018_0033_0033.jpg 1 52 18 33 33
0781_0038_0034_0028_0028.jpg 1 38 34 28 28
0782_0039_0031_0035_0035.jpg 1 39 31 35 35
0783_0053_0030_0039_0039.jpg 1 53 30 39 39
0784_0008_0005_0045_0045.jpg 1 8 5 45 45
0785_0024_0007_0069_0069.jpg 1 24 7 69 69
0786_0012_0016_0052_0052.jpg 1 12 16 52 52
0787_0008_0008_0057_0057.jpg 1 8 8 57 57
0788_0035_0055_0028_0028.jpg 1 35 55 28 28
0789_0037_0024_0037_0037.jpg 1 37 24 37 37
0790_0041_0060_0024_0024.jpg 1 41 60 24 24
0791_0006_0028_0067_0067.jpg 1 6 28 67 67
0792_0023_0043_0047_0047.jpg 1 23 43 47 47
0793_0023_0022_0065_0065.jpg 1 23 22 65 65
0794_0019_0015_0062_0062.jpg 1 19 15 62 62
0795_0024_0038_0042_0042.jpg 1 24 38 42 42
0796_0038_0033_0033_0033.jpg 1 38 33 33 33
0797_0026_0016_0068_0068.jpg 1 26 16 68 68
0798_0040_0052_0041_0041.jpg 1 40 52 41 41
0799_0031_0013_0046_0046.jpg 1 31 13 46 46
0800_0021_0011_0061_0061.jpg 1 21 11 61 61
0801_0015_0052_0028_0028.jpg 1 15 52 28 28
0802_0047_0007_0031_0031.jpg 1 47 7 31 31
0803_0015_0049_0027_0027.jpg 1 15 49 27 27
0804_0005_0020_0064_0064.jpg 1 5 20 64 64
0805_0019_0042_0052_0052.jpg 1 19 42 52 52
0806_0013_0012_0043_0043.jpg 1 13 12 43 43
0807_0007_0042_0053_0053.jpg 1 7 42 53 53
0808_0006_0027_0068_0068.jpg 1 6 27 68 68
0809_0045_0048_0044_0044.jpg 1 45 48 44 44
0810_0036_0024_0057_0057.jpg 1 36 24 57 57
0811_0012_0034_0031_0031.jpg 1 12 34 31 31
0812_0047_0017_0033_0033.jpg 1 47 17 33 33
0813_0014_0015_0051_0051.jpg 1 14 15 51 51
0814_0055_0039_0025_0025.jpg 1 55 39 25 25
0815_0019_0025_0052_0052.jpg 1 19 25 52 52
0816_0028_0019_0061_0061.jpg 1 28 19 61 61
0817_0027_0034_0045_0045.jpg 1 27 34 45 45
0818_0032_0043_0043_0043.jpg 1 32 43 43 43
0819_0006_0026_0050_0050.jpg 1 6 26 50 50
0820_0017_0014_0045_0045.jpg 1 17 14 45 45
0821_0029_0016_0038_0038.jpg 1 29 16 38 38
0822_0024_0029_0060_0060.jpg 1 24 29 60 60
0823_0038_0024_0048_0048.jpg 1 38 24 48 48
0824_0025_0031_0044_0044.jpg 1 25 31 44 44
0825_0012_0030_0048_0048.jpg 1 12 30 48 48
0826_0014_0009_0055_0055.jpg 1 14 9 55 55
0827_0013_0023_0066_0066.jpg 1 13 23 66 66
0828_0020_0021_0024_0024.jpg 1 20 21 24 24
0829_0026_0007_0044_0044.jpg 1 26 7 44 44
0830_0018_0024_0041_0041.jpg 1 18 24 41 41
0831_0022_0024_0068_0068.jpg 1 22 24 68 68
0832_0006_0018_0062_0062.jpg 1 6 18 62 62
0833_0017_0008_0065_0065.jpg 1 17 8 65 65
0834_0032_0027_0052_0052.jpg 1 32 27 52 52
0835_0030_0024_0034_0034.jpg 1 30 24 34 34
0836_0041_0050_0033_0033.jpg 1 41 50 33 33
0837_0018_0033_0050_0050.jpg 1 18 33 50 50
0838_0008_0010_0041_0041.jpg 1 8 10 41 41
0839_0012_0010_0065_0065.jpg 1 12 10 65 65
0840_0031_0018_0030_0030.jpg 1 31 18 30 30
0841_0021_0022_0068_0068.jpg 1 21 22 68 68
0842_0018_0031_0045_0045.jpg 1 18 31 45 45
0843_0027_0037_0047_0047.jpg 1 27 37 47 47
0844_0010_0039_0050_0050.jpg 1 10 39 50 50
0845_0029_0030_0054_0054.jpg 1 29 30 54 54
0846_0037_0018_0055_0055.jpg 1 37 18 55 55
0847_0013_0027_0065_0065.jpg 1 13 27 65 65
0848_0050_0020_0033_0033.jpg 1 50 20 33 33
0849_0020_0021_0064_0064.jpg 1 20 21 64 64
0850_0022_0018_0031_0031.jpg 1 22 18 31 31
0851_0026_0039_0042_0042.jpg 1 26 39 42 42
0852_0029_0029_0059_0059.jpg 1 29 29 59 59
0853_0035_0015_0031_0031.jpg 1 35 15 31 31
0854_0015_0032_0041_0041.jpg 1 15 32 41 41
0855_0028_0005_0063_0063.jpg 1 28 5 63 63
0856_0025_0031_0051_0051.jpg 1 25 31 51 51
0857_0032_0006_0062_0062.jpg 1 32 6 62 62
0858_0042_0008_0029_0029.jpg 1 42 8 29 29
0859_0020_0019_0042_0042.jpg 1 20 19 42 42
0860_0024_0007_0065_0065.jpg 1 24 7 65 65
0861_0005_0016_0057_0057.jpg 1 5 16 57 57
0862_0018_0009_0048_0048.jpg 1 18 9 48 48
0863_0013_0013_0068_0068.jpg 1 13 13 68 68
0864_0047_0043_0032_0032.jpg 1 47 43 32 32
0865_0017_0043_0043_0043.jpg 1 17 43 43 43
0866_0020_0028_0055_0055.jpg 1 20 28 55 55
0867_0037_0022_0055_0055.jpg 1 37 22 55 55
0868_0015_0041_0038_0038.jpg 1 15 41 38 38
0869_0007_0037_0058_0058.jpg 1 7 37 58 58
0870_0014_0032_0058_0058.jpg 1 14 32 58 58
0871_0048_0021_0044_0044.jpg 1 48 21 44 44
0872_0030_0046_0026_0026.jpg 1 30 46 26 26
0873_0009_0026_0056_0056.jpg 1 9 26 56 56
0874_0036_0046_0043_0043.jpg 1 36 46 43 43
0875_0051_0042_0033_0033.jpg 1 51 42 33 33
0876_0022_0014_0063_0063.jpg 1 22 14 63 63
0877_0014_0024_0068_0068.jpg 1 14 24 68 68
0878_0030_0047_0024_0024.jpg 1 30 47 24 24
0879_0016_0049_0033_0033.jpg 1 16 49 33 33
0880_0010_0017_0065_0065.jpg 1 10 17 65 65
0881_0003_0006_0067_0067.jpg 1 3 6 67 67
0882_0026_0027_0065_0065.jpg 1 26 27 65 65
0883_0049_0056_0034_0034.jpg 1 49 56 34 34
0884_0021_0018_0063_0063.jpg 1 21 18 63 63
0885_0022_0028_0062_0062.jpg 1 22 28 62 62
0886_0011_0023_0069_0069.jpg 1 11 23 69 69
0887_0052_0066_0026_0026.jpg 1 52 66 26 26
0888_0016_0029_0043_0043.jpg 1 16 29 43 43
0889_0057_0041_0033_0033.jpg 1 57 41 33 33
0890_0011_0025_0069_0069.jpg 1 11 25 69 69
0891_0039_0022_0041_0041.jpg 1 39 22 41 41
0892_0007_0029_0066_0066.jpg 1 7 29 66 66
0893_0023_0040_0049_0049.jpg 1 23 40 49 49
0894_0021_0034_0055_0055.jpg 1 21 34 55 55
0895_0011_0027_0060_0060.jpg 1 11 27 60 60
0896_0061_0047_0024_0024.jpg 1 61 47 24 24
0897_0044_0018_0043_0043.jpg 1 44 18 43 43
0898_0015_0023_0066_0066.jpg 1 15 23 66 66
0899_0005_0019_0058_0058.jpg 1 5 19 58 58
0900_0014_0040_0026_0026.jpg 1 14 40 26 26
0901_0057_0065_0025_0025.jpg 1 57 65 25 25
0902_0007_0008_0041_0041.jpg 1 7 8 41 41
0903_0050_0038_0037_0037.jpg 1 50 38 37 37
0904_0018_0021_0060_0060.jpg 1 18 21 60 60
0905_0006_0038_0048_0048.jpg 1 6 38 48 48
0906_0028_0009_0068_0068.jpg 1 28 9 68 68
0907_0023_0051_0033_0033.jpg 1 23 51 33 33
0908_0025_0050_0039_0039.jpg 1 25 50 39 39
0909_0051_0020_0024_0024.jpg 1 51 20 24 24
0910_0027_0007_0054_0054.jpg 1 27 7 54 54
0911_0011_0016_0050_0050.jpg 1 11 16 50 50
0912_0012_0006_0045_0045.jpg 1 12 6 45 45
0913_0022_0029_0060_0060.jpg 1 22 29 60 60
0914_0028_0017_0066_0066.jpg 1 28 17 66 66
0915_0017_0010_0045_0045.jpg 1 17 10 45 45
0916_0019_0020_0038_0038.jpg 1 19 20 38 38
0917_0025_0019_0066_0066.jpg 1 25 19 66 66
0918_0010_0013_0046_0046.jpg 1 10 13 46 46
0919_0037_0065_0025_0025.jpg 1 37 65 25 25
0920_0023_0035_0054_0054.jpg 1 23 35 54 54
0921_0048_0032_0026_0026.jpg 1 48 32 26 26
0922_0030_0033_0048_0048.jpg 1 30 33 48 48
0923_0034_0035_0028_0028.jpg 1 34 35 28 28
0924_0021_0004_0069_0069.jpg 1 21 4 69 69
0925_0035_0013_0043_0043.jpg 1 35 13 43 43
0926_0030_0007_0064_0064.jpg 1 30 7 64 64
0927_0007_0023_0040_0040.jpg 1 7 23 40 40
0928_0013_0018_0042_0042.jpg 1 13 18 42 42
0929_0004_0026_0064_0064.jpg 1 4 26 64 64
0930_0032_0013_0060_0060.jpg 1 32 13 60 60
0931_0016_0011_0056_0056.jpg 1 16 11 56 56
0932_0035_0017_0047_0047.jpg 1 35 17 47 47
0933_0034_0031_0056_0056.jpg 1 34 31 56 56
0934_0029_0010_0031_0031.jpg 1 29 10 31 31
0935_0015_0021_0046_0046.jpg 1 15 21 46 46
0936_0033_0011_0053_0053.jpg 1 33 11 53 53
0937_0034_0027_0035_0035.jpg 1 34 27 35 35
0938_0015_0033_0062_0062.jpg 1 15 33 62 62
0939_0006_0049_0038_0038.jpg 1 6 49 38 38
0940_0032_0015_0059_0059.jpg 1 32 15 59 59
0941_0023_0036_0033_0033.jpg 1 23 36 33 33
0942_0050_0029_0025_0025.jpg 1 50 29 25 25
0943_0009_0046_0030_0030.jpg 1 9 46 30 30
0944_0016_0026_0061_0061.jpg 1 16 26 61 61
0945_0018_0008_0067_0067.jpg 1 18 8 67 67
0946_0020_0014_0052_0052.jpg 1 20 14 52 52
0947_0020_0023_0063_0063.jpg 1 20 23 63 63
0948_0009_0012_0065_0065.jpg 1 9 12 65 65
0949_0009_0040_0052_0052.jpg 1 9 40 52 52
0950_0035_0032_0046_0046.jpg 1 35 32 46 46
0951_0011_0024_0044_0044.jpg 1 11 24 44 44
0952_0034_0053_0038_0038.jpg 1 34 53 38 38
0953_0010_0020_0032_0032.jpg 1 10 20 32 32
0954_0024_0031_0042_0042.jpg 1 24 31 42 42
0955_0042_0050_0031_0031.jpg 1 42 50 31 31
0956_0032_0031_0043_0043.jpg 1 32 31 43 43
0957_0031_0038_0056_0056.jpg 1 31 38 56 56
0958_0025_0038_0041_0041.jpg 1 25 38 41 41
0959_0063_0035_0026_0026.jpg 1 63 35 26 26
0960_0042_0026_0043_0043.jpg 1 42 26 43 43
0961_0014_0030_0038_0038.jpg 1 14 30 38 38
0962_0011_0013_0059_0059.jpg 1 11 13 59 59
0963_0035_0034_0047_0047.jpg 1 35 34 47 47
0964_0016_0045_0027_0027.jpg 1 16 45 27 27
0965_0047_0026_0042_0042.jpg 1 47 26 42 42
0966_0016_0039_0024_0024.jpg 1 16 39 24 24
0967_0026_0034_0053_0053.jpg 1 26 34 53 53
0968_0014_0022_0050_0050.jpg 1 14 22 50 50
0969_0007_0022_0046_0046.jpg 1 7 22 46 46
0970_0027_0033_0059_0059.jpg 1 27 33 59 59
0971_0020_0044_0040_0040.jpg 1 20 44 40 40
0972_0050_0033_0040_0040.jpg 1 50 33 40 40
0973_0038_0022_0044_0044.jpg 1 38 22 44 44
0974_0014_0018_0046_0046.jpg 1 14 18 46 46
0975_0036_0015_0055_0055.jpg 1 36 15 55 55
0976_0057_0014_0032_0032.jpg 1 57 14 32 32
0977_0043_0021_0042_0042.jpg 1 43 21 42 42
0978_0052_0016_0034_0034.jpg 1 52 16 34 34
0979_0025_0023_0054_0054.jpg 1 25 23 54 54
0980_0011_0039_0054_0054.jpg 1 11 39 54 54
0981_0005_0033_0046_0046.jpg 1 5 33 46 46
0982_0022_0046_0040_0040.jpg 1 22 46 40 40
0983_0051_0059_0031_0031.jpg 1 51 59 31 31
0984_0008_0018_0049_0049.jpg 1 8 18 49 49
0985_0027_0010_0054_0054.jpg 1 27 10 54 54
0986_0020_0034_0057_0057.jpg 1 20 34 57 57
0987_0053_0030_0038_0038.jpg 1 53 30 38 38
0988_0022_0041_0041_0041.jpg 1 22 41 41 41
0989_0007_0007_0035_0035.jpg 1 7 7 35 35
0990_0017_0033_0024_0024.jpg 1 17 33 24 24
0991_0014_0020_0069_0069.jpg 1 14 20 69 69
0992_0014_0011_0060_0060.jpg 1 14 11 60 60
0993_0034_0031_0033_0033.jpg 1 34 31 33 33
0994_0044_0029_0049_0049.jpg 1 44 29 49 49
0995_0020_0039_0056_0056.jpg 1 20 39 56 56
0996_0007_0009_0038_0038.jpg 1 7 9 38 38
0997_0033_0035_0048_0048.jpg 1 33 35 48 48
0998_0010_0030_0062_0062.jpg 1 10 30 62 62
0999_0028_0020_0057_0057.jpg 1 28 20 57 57
1000_0028_0018_0041_0041.jpg 1 28 18 41 41
1001_0012_0033_0050_0050.jpg 1 12 33 50 50
1002_0059_0022_0033_0033.jpg 1 59 22 33 33
1003_0056_0049_0037_0037.jpg 1 56 49 37 37
1004_0018_0013_0034_0034.jpg 1 18 13 34 34
1005_0010_0018_0068_0068.jpg 1 10 18 68 68
1006_0032_0018_0039_0039.jpg 1 32 18 39 39
1007_0048_0059_0024_0024.jpg 1 48 59 24 24
1008_0014_0039_0030_0030.jpg 1 14 39 30 30
1009_0051_0041_0024_0024.jpg 1 51 41 24 24
1010_0006_0019_0061_0061.jpg 1 6 19 61 61
1011_0011_0009_0066_0066.jpg 1 11 9 66 66
1012_0014_0041_0042_0042.jpg 1 14 41 42 42
1013_0017_0038_0046_0046.jpg 1 17 38 46 46
1014_0035_0013_0056_0056.jpg 1 35 13 56 56
1015_0010_0009_0059_0059.jpg 1 10 9 59 59
1016_0020_0020_0069_0069.jpg 1 20 20 69 69
1017_0005_0011_0050_0050.jpg 1 5 11 50 50
1018_0019_0042_0045_0045.jpg 1 19 42 45 45
1019_0009_0038_0041_0041.jpg 1 9 38 41 41
1020_0015_0024_0051_0051.jpg 1 15 24 51 51
1021_0023_0018_0040_0040.jpg 1 23 18 40 40
1022_0039_0009_0054_0054.jpg 1 39 9 54 54
1023_0034_0015_0055_0055.jpg 1 34 15 55 55
1024_0027_0056_0033_0033.jpg 1 27 56 33 33
1025_0047_0014_0030_0030.jpg 1 47 14 30 30
1026_0017_0026_0039_0039.jpg 1 17 26 39 39
1027_0044_0044_0040_0040.jpg 1 44 44 40 40
1028_0012_0029_0056_0056.jpg 1 12 29 56 56
1029_0034_0028_0045_0045.jpg 1 34 28 45 45
1030_0018_0062_0030_0030.jpg 1 18 62 30 30
1031_0018_0037_0028_0028.jpg 1 18 37 28 28
1032_0006_0017_0063_0063.jpg 1 6 17 63 63
1033_0034_0032_0053_0053.jpg 1 34 32 53 53
1034_0009_0026_0066_0066.jpg 1 9 26 66 66
1035_0030_0009_0057_0057.jpg 1 30 9 57 57
1036_0008_0015_0065_0065.jpg 1 8 15 65 65
1037_0042_0011_0040_0040.jpg 1 42 11 40 40
1038_0016_0030_0063_0063.jpg 1 16 30 63 63
1039_0006_0048_0046_0046.jpg 1 6 48 46 46
1040_0017_0025_0067_0067.jpg 1 17 25 67 67
1041_0015_0015_0046_0046.jpg 1 15 15 46 46
1042_0012_0010_0028_0028.jpg 1 12 10 28 28
1043_0037_0044_0026_0026.jpg 1 37 44 26 26
1044_0042_0018_0030_0030.jpg 1 42 18 30 30
1045_0058_0053_0032_0032.jpg 1 58 53 32 32
1046_0027_0028_0067_0067.jpg 1 27 28 67 67
1047_0009_0004_0062_0062.jpg 1 9 4 62 62
1048_0010_0050_0029_0029.jpg 1 10 50 29 29
1049_0029_0019_0047_0047.jpg 1 29 19 47 47
1050_0031_0012_0061_0061.jpg 1 31 12 61 61
1051_0016_0032_0036_0036.jpg 1 16 32 36 36
1052_0031_0035_0032_0032.jpg 1 31 35 32 32
1053_0004_0019_0064_0064.jpg 1 4 19 64 64
1054_0034_0011_0058_0058.jpg 1 34 11 58 58
1055_0029_0040_0053_0053.jpg 1 29 40 53 53
1056_0062_0013_0028_0028.jpg 1 62 13 28 28
1057_0011_0035_0048_0048.jpg 1 11 35 48 48
1058_0008_0024_0069_0069.jpg 1 8 24 69 69
1059_0020_0005_0052_0052.jpg 1 20 5 52 52
1060_0031_0032_0050_0050.jpg 1 31 32 50 50
1061_0016_0040_0053_0053.jpg 1 16 40 53 53
1062_0022_0012_0060_0060.jpg 1 22 12 60 60
1063_0016_0003_0069_0069.jpg 1 16 3 69 69
1064_0027_0045_0037_0037.jpg 1 27 45 37 37
1065_0022_0023_0060_0060.jpg 1 22 23 60 60
1066_0029_0049_0025_0025.jpg 1 29 49 25 25
1067_0018_0010_0056_0056.jpg 1 18 10 56 56
1068_0036_0025_0050_0050.jpg 1 36 25 50 50
1069_0014_0036_0050_0050.jpg 1 14 36 50 50
1070_0022_0028_0040_0040.jpg 1 22 28 40 40
1071_0023_0006_0039_0039.jpg 1 23 6 39 39
1072_0026_0016_0054_0054.jpg 1 26 16 54 54
1073_0059_0060_0024_0024.jpg 1 59 60 24 24
1074_0030_0006_0053_0053.jpg 1 30 6 53 53
1075_0045_0017_0033_0033.jpg 1 45 17 33 33
1076_0008_0038_0030_0030.jpg 1 8 38 30 30
1077_0052_0058_0032_0032.jpg 1 52 58 32 32
1078_0019_0015_0068_0068.jpg 1 19 15 68 68
1079_0031_0023_0063_0063.jpg 1 31 23 63 63
1080_0022_0023_0052_0052.jpg 1 22 23 52 52
1081_0038_0034_0044_0044.jpg 1 38 34 44 44
1082_0029_0016_0053_0053.jpg 1 29 16 53 53
1083_0011_0037_0054_0054.jpg 1 11 37 54 54
1084_0033_0019_0044_0044.jpg 1 33 19 44 44
1085_0012_0013_0054_0054.jpg 1 12 13 54 54
1086_0033_0019_0046_0046.jpg 1 33 19 46 46
1087_0037_0036_0052_0052.jpg 1 37 36 52 52
1088_0034_0013_0051_0051.jpg 1 34 13 51 51
1089_0004_0014_0061_0061.jpg 1 4 14 61 61
1090_0031_0058_0031_0031.jpg 1 31 58 31 31
1091_0004_0025_0062_0062.jpg 1 4 25 62 62
1092_0009_0005_0065_0065.jpg 1 9 5 65 65
1093_0029_0043_0040_0040.jpg 1 29 43 40 40
1094_0032_0032_0064_0064.jpg 1 32 32 64 64
1095_0041_0041_0044_0044.jpg 1 41 41 44 44
1096_0008_0038_0034_0034.jpg 1 8 38 34 34
1097_0017_0020_0058_0058.jpg 1 17 20 58 58
1098_0013_0005_0069_0069.jpg 1 13 5 69 69
1099_0038_0005_0049_0049.jpg 1 38 5 49 49
1100_0043_0051_0038_0038.jpg 1 43 51 38 38
1101_0032_0021_0059_0059.jpg 1 32 21 59 59
1102_0024_0021_0031_0031.jpg 1 24 21 31 31
1103_0007_0015_0049_0049.jpg 1 7 15 49 49
1104_0055_0019_0030_0030.jpg 1 55 19 30 30
1105_0018_0030_0041_0041.jpg 1 18 30 41 41
1106_0016_0029_0054_0054.jpg 1 16 29 54 54
1107_0010_0040_0044_0044.jpg 1 10 40 44 44
1108_0053_0044_0036_0036.jpg 1 53 44 36 36
1109_0015_0011_0045_0045.jpg 1 15 11 45 45
1110_0011_0008_0024_0024.jpg 1 11 8 24 24
1111_0041_0053_0028_0028.jpg 1 41 53 28 28
1112_0030_0008_0047_0047.jpg 1 30 8 47 47
1113_0006_0023_0069_0069.jpg 1 6 23 69 69
1114_0027_0042_0037_0037.jpg 1 27 42 37 37
1115_0005_0014_0062_0062.jpg 1 5 14 62 62
1116_0051_0046_0033_0033.jpg 1 51 46 33 33
1117_0048_0058_0028_0028.jpg 1 48 58 28 28
1118_0061_0017_0029_0029.jpg 1 61 17 29 29
1119_0059_0024_0032_0032.jpg 1 59 24 32 32
1120_0032_0065_0026_0026.jpg 1 32 65 26 26
1121_0045_0016_0047_0047.jpg 1 45 16 47 47
1122_0010_0026_0047_0047.jpg 1 10 26 47 47
1123_0035_0035_0036_0036.jpg 1 35 35 36 36
1124_0032_0034_0062_0062.jpg 1 32 34 62 62
1125_0022_0041_0024_0024.jpg 1 22 41 24 24
1126_0017_0066_0024_0024.jpg 1 17 66 24 24
1127_0038_0042_0047_0047.jpg 1 38 42 47 47
1128_0012_0010_0039_0039.jpg 1 12 10 39 39
1129_0041_0022_0034_0034.jpg 1 41 22 34 34
1130_0018_0034_0032_0032.jpg 1 18 34 32 32
1131_0013_0012_0037_0037.jpg 1 13 12 37 37
1132_0040_0036_0055_0055.jpg 1 40 36 55 55
1133_0033_0005_0059_0059.jpg 1 33 5 59 59
1134_0021_0009_0044_0044.jpg 1 21 9 44 44
1135_0033_0013_0051_0051.jpg 1 33 13 51 51
1136_0022_0027_0025_0025.jpg 1 22 27 25 25
1137_0039_0027_0042_0042.jpg 1 39 27 42 42
1138_0044_0036_0044_0044.jpg 1 44 36 44 44
1139_0018_0016_0066_0066.jpg 1 18 16 66 66
1140_0049_0015_0041_0041.jpg 1 49 15 41 41
1141_0026_0045_0045_0045.jpg 1 26 45 45 45
1142_0049_0013_0036_0036.jpg 1 49 13 36 36
1143_0035_0048_0042_0042.jpg 1 35 48 42 42
1144_0031_0056_0024_0024.jpg 1 31 56 24 24
1145_0016_0045_0034_0034.jpg 1 16 45 34 34
1146_0024_0013_0030_0030.jpg 1 24 13 30 30
1147_0007_0005_0054_0054.jpg 1 7 5 54 54
1148_0025_0026_0066_0066.jpg 1 25 26 66 66
1149_0008_0004_0067_0067.jpg 1 8 4 67 67
1150_0035_0009_0050_0050.jpg 1 35 9 50 50
1151_0029_0027_0046_0046.jpg 1 29 27 46 46
1152_0018_0006_0048_0048.jpg 1 18 6 48 48
1153_0028_0009_0062_0062.jpg 1 28 9 62 62
1154_0009_0038_0056_0056.jpg 1 9 38 56 56
1155_0048_0028_0033_0033.jpg 1 48 28 33 33
1156_0042_0017_0052_0052.jpg 1 42 17 52 52
1157_0028_0013_0030_0030.jpg 1 28 13 30 30
1158_0054_0018_0032_0032.jpg 1 54 18 32 32
1159_0039_0041_0046_0046.jpg 1 39 41 46 46
1160_0036_0042_0042_0042.jpg 1 36 42 42 42
1161_0022_0030_0032_0032.jpg 1 22 30 32 32
1162_0022_0014_0030_0030.jpg 1 22 14 30 30
1163_0059_0061_0027_0027.jpg 1 59 61 27 27
1164_0036_0030_0040_0040.jpg 1 36 30 40 40
1165_0011_0029_0046_0046.jpg 1 11 29 46 46
1166_0026_0029_0036_0036.jpg 1 26 29 36 36
1167_0041_0005_0050_0050.jpg 1 41 5 50 50
1168_0035_0058_0028_0028.jpg 1 35 58 28 28
1169_0013_0037_0053_0053.jpg 1 13 37 53 53
1170_0031_0004_0063_0063.jpg 1 31 4 63 63
1171_0020_0024_0055_0055.jpg 1 20 24 55 55
1172_0017_0030_0055_0055.jpg 1 17 30 55 55
1173_0034_0023_0053_0053.jpg 1 34 23 53 53
1174_0047_0009_0042_0042.jpg 1 47 9 42 42
1175_0027_0051_0033_0033.jpg 1 27 51 33 33
1176_0028_0012_0041_0041.jpg 1 28 12 41 41
1177_0017_0027_0063_0063.jpg 1 17 27 63 63
1178_0021_0033_0038_0038.jpg 1 21 33 38 38
1179_0028_0030_0052_0052.jpg 1 28 30 52 52
1180_0005_0020_0068_0068.jpg 1 5 20 68 68
1181_0028_0016_0067_0067.jpg 1 28 16 67 67
1182_0014_0033_0051_0051.jpg 1 14 33 51 51
1183_0023_0027_0057_0057.jpg 1 23 27 57 57
1184_0011_0024_0057_0057.jpg 1 11 24 57 57
1185_0046_0039_0037_0037.jpg 1 46 39 37 37
1186_0006_0034_0062_0062.jpg 1 6 34 62 62
1187_0007_0007_0065_0065.jpg 1 7 7 65 65
1188_0039_0038_0045_0045.jpg 1 39 38 45 45
1189_0021_0051_0025_0025.jpg 1 21 51 25 25
1190_0050_0026_0031_0031.jpg 1 50 26 31 31
1191_0040_0017_0050_0050.jpg 1 40 17 50 50
1192_0025_0016_0055_0055.jpg 1 25 16 55 55
1193_0037_0047_0038_0038.jpg 1 37 47 38 38
1194_0027_0023_0060_0060.jpg 1 27 23 60 60
1195_0033_0054_0025_0025.jpg 1 33 54 25 25
1196_0013_0014_0028_0028.jpg 1 13 14 28 28
1197_0044_0026_0043_0043.jpg 1 44 26 43 43
1198_0022_0029_0054_0054.jpg 1 22 29 54 54
1199_0021_0014_0069_0069.jpg 1 21 14 69 69
1200_0051_0047_0032_0032.jpg 1 51 47 32 32
1201_0030_0010_0056_0056.jpg 1 30 10 56 56
1202_0035_0036_0048_0048.jpg 1 35 36 48 48
1203_0056_0036_0031_0031.jpg 1 56 36 31 31
1204_0007_0008_0034_0034.jpg 1 7 8 34 34
1205_0013_0013_0061_0061.jpg 1 13 13 61 61
1206_0026_0011_0046_0046.jpg 1 26 11 46 46
1207_0030_0027_0049_0049.jpg 1 30 27 49 49
1208_0036_0018_0056_0056.jpg 1 36 18 56 56
1209_0012_0008_0054_0054.jpg 1 12 8 54 54
1210_0063_0047_0028_0028.jpg 1 63 47 28 28
1211_0015_0036_0057_0057.jpg 1 15 36 57 57
1212_0062_0038_0024_0024.jpg 1 62 38 24 24
1213_0011_0008_0055_0055.jpg 1 11 8 55 55
1214_0048_0042_0036_0036.jpg 1 48 42 36 36
1215_0028_0006_0062_0062.jpg 1 28 6 62 62
1216_0032_0005_0063_0063.jpg 1 32 5 63 63
1217_0017_0028_0038_0038.jpg 1 17 28 38 38
1218_0012_0005_0067_0067.jpg 1 12 5 67 67
1219_0030_0017_0061_0061.jpg 1 30 17 61 61
1220_0046_0023_0047_0047.jpg 1 46 23 47 47
1221_0033_0026_0054_0054.jpg 1 33 26 54 54
1222_0016_0017_0040_0040.jpg 1 16 17 40 40
1223_0023_0033_0036_0036.jpg 1 23 33 36 36
1224_0028_0015_0063_0063.jpg 1 28 15 63 63
1225_0036_0038_0050_0050.jpg 1 36 38 50 50
1226_0014_0028_0061_0061.jpg 1 14 28 61 61
1227_0007_0022_0067_0067.jpg 1 7 22 67 67
1228_0037_0041_0039_0039.jpg 1 37 41 39 39
1229_0003_0016_0065_0065.jpg 1 3 16 65 65
1230_0014_0042_0027_0027.jpg 1 14 42 27 27
1231_0021_0035_0054_0054.jpg 1 21 35 54 54
1232_0021_0030_0055_0055.jpg 1 21 30 55 55
1233_0042_0018_0042_0042.jpg 1 42 18 42 42
1234_0008_0037_0033_0033.jpg 1 8 37 33 33
1235_0022_0021_0056_0056.jpg 1 22 21 56 56
1236_0005_0046_0048_0048.jpg 1 5 46 48 48
1237_0051_0045_0036_0036.jpg 1 51 45 36 36
1238_0031_0036_0047_0047.jpg 1 31 36 47 47
1239_0024_0011_0067_0067.jpg 1 24 11 67 67
1240_0010_0013_0043_0043.jpg 1 10 13 43 43
1241_0014_0013_0057_0057.jpg 1 14 13 57 57
1242_0033_0007_0059_0059.jpg 1 33 7 59 59
1243_0021_0006_0059_0059.jpg 1 21 6 59 59
1244_0016_0014_0031_0031.jpg 1 16 14 31 31
1245_0034_0017_0046_0046.jpg 1 34 17 46 46
1246_0032_0027_0040_0040.jpg 1 32 27 40 40
1247_0005_0005_0053_0053.jpg 1 5 5 53 53
1248_0018_0010_0053_0053.jpg 1 18 10 53 53
1249_0050_0006_0039_0039.jpg 1 50 6 39 39
1250_0013_0052_0039_0039.jpg 1 13 52 39 39
1251_0020_0036_0047_0047.jpg 1 20 36 47 47
1252_0018_0019_0058_0058.jpg 1 18 19 58 58
1253_0042_0042_0037_0037.jpg 1 42 42 37 37
1254_0032_0006_0051_0051.jpg 1 32 6 51 51
1255_0047_0007_0035_0035.jpg 1 47 7 35 35
1256_0017_0013_0063_0063.jpg 1 17 13 63 63
1257_0043_0047_0039_0039.jpg 1 43 47 39 39
1258_0020_0037_0058_0058.jpg 1 20 37 58 58
1259_0011_0017_0039_0039.jpg 1 11 17 39 39
1260_0013_0009_0040_0040.jpg 1 13 9 40 40
1261_0007_0011_0032_0032.jpg 1 7 11 32 32
1262_0024_0038_0042_0042.jpg 1 24 38 42 42
1263_0026_0042_0040_0040.jpg 1 26 42 40 40
1264_0015_0037_0040_0040.jpg 1 15 37 40 40
1265_0041_0053_0038_0038.jpg 1 41 53 38 38
1266_0008_0005_0049_0049.jpg 1 8 5 49 49
1267_0029_0021_0051_0051.jpg 1 29 21 51 51
1268_0039_0021_0035_0035.jpg 1 39 21 35 35
1269_0036_0038_0054_0054.jpg 1 36 38 54 54
1270_0013_0036_0032_0032.jpg 1 13 36 32 32
1271_0017_0004_0066_0066.jpg 1 17 4 66 66
1272_0052_0007_0033_0033.jpg 1 52 7 33 33
1273_0015_0043_0038_0038.jpg 1 15 43 38 38
1274_0008_0023_0062_0062.jpg 1 8 23 62 62
1275_0044_0018_0045_0045.jpg 1 44 18 45 45
1276_0030_0020_0064_0064.jpg 1 30 20 64 64
1277_0027_0018_0059_0059.jpg 1 27 18 59 59
1278_0021_0050_0038_0038.jpg 1 21 50 38 38
1279_0017_0056_0036_0036.jpg 1 17 56 36 36
1280_0006_0042_0038_0038.jpg 1 6 42 38 38
1281_0007_0013_0069_0069.jpg 1 7 13 69 69
1282_0016_0013_0036_0036.jpg 1 16 13 36 36
